[debug] [2025-04-10T00:12:30.426Z] ----------------------------------------------------------------------
[debug] [2025-04-10T00:12:30.427Z] Command:       /Users/aidangoodrow/.nvm/versions/node/v20.4.0/bin/node /Users/aidangoodrow/.nvm/versions/node/v20.4.0/bin/firebase init
[debug] [2025-04-10T00:12:30.428Z] CLI Version:   14.1.0
[debug] [2025-04-10T00:12:30.428Z] Platform:      darwin
[debug] [2025-04-10T00:12:30.428Z] Node Version:  v20.4.0
[debug] [2025-04-10T00:12:30.428Z] Time:          Wed Apr 09 2025 19:12:30 GMT-0500 (Central Daylight Time)
[debug] [2025-04-10T00:12:30.429Z] ----------------------------------------------------------------------
[debug] 
[debug] [2025-04-10T00:12:30.431Z] > command requires scopes: ["email","openid","https://www.googleapis.com/auth/cloudplatformprojects.readonly","https://www.googleapis.com/auth/firebase","https://www.googleapis.com/auth/cloud-platform"]
[debug] [2025-04-10T00:12:30.431Z] > authorizing via signed-in user (21goodrowa@gmail.com)
[info] 
     ######## #### ########  ######## ########     ###     ######  ########
     ##        ##  ##     ## ##       ##     ##  ##   ##  ##       ##
     ######    ##  ########  ######   ########  #########  ######  ######
     ##        ##  ##    ##  ##       ##     ## ##     ##       ## ##
     ##       #### ##     ## ######## ########  ##     ##  ######  ########

You're about to initialize a Firebase project in this directory:

  /Users/aidangoodrow/RoomieRounds

[info] 
=== Project Setup
[info] 
[info] First, let's associate this project directory with a Firebase project.
[info] You can create multiple project aliases by running firebase use --add, 
[info] but for now we'll just set up a default project.
[info] 
[debug] [2025-04-10T00:12:36.802Z] Checked if tokens are valid: false, expires at: 1744163914817
[debug] [2025-04-10T00:12:36.802Z] Checked if tokens are valid: false, expires at: 1744163914817
[debug] [2025-04-10T00:12:36.803Z] > refreshing access token with scopes: []
[debug] [2025-04-10T00:12:36.805Z] >>> [apiv2][query] POST https://www.googleapis.com/oauth2/v3/token [none]
[debug] [2025-04-10T00:12:36.806Z] >>> [apiv2][body] POST https://www.googleapis.com/oauth2/v3/token [omitted]
[debug] [2025-04-10T00:12:37.027Z] <<< [apiv2][status] POST https://www.googleapis.com/oauth2/v3/token 200
[debug] [2025-04-10T00:12:37.027Z] <<< [apiv2][body] POST https://www.googleapis.com/oauth2/v3/token [omitted]
[debug] [2025-04-10T00:12:37.041Z] >>> [apiv2][query] GET https://firebase.googleapis.com/v1beta1/projects pageSize=100
[debug] [2025-04-10T00:12:37.376Z] <<< [apiv2][status] GET https://firebase.googleapis.com/v1beta1/projects 200
[debug] [2025-04-10T00:12:37.376Z] <<< [apiv2][body] GET https://firebase.googleapis.com/v1beta1/projects [omitted]
[info] i  Using project roomierounds (roomierounds) 
[info] 
=== Hosting Setup
[debug] [2025-04-10T00:12:39.301Z] Checked if tokens are valid: true, expires at: 1744247556027
[debug] [2025-04-10T00:12:39.301Z] Checked if tokens are valid: true, expires at: 1744247556027
[debug] [2025-04-10T00:12:39.301Z] >>> [apiv2][query] GET https://firebase.googleapis.com/v1beta1/projects/roomierounds [none]
[debug] [2025-04-10T00:12:39.439Z] <<< [apiv2][status] GET https://firebase.googleapis.com/v1beta1/projects/roomierounds 200
[debug] [2025-04-10T00:12:39.440Z] <<< [apiv2][body] GET https://firebase.googleapis.com/v1beta1/projects/roomierounds {"projectId":"roomierounds","projectNumber":"213370646313","displayName":"roomierounds","name":"projects/roomierounds","resources":{"hostingSite":"roomierounds","realtimeDatabaseInstance":"roomierounds-default-rtdb"},"state":"ACTIVE","etag":"1_8daa6b3b-2159-43a4-9557-c529dbf97d68"}
[info] 
[info] Your public directory is the folder (relative to your project directory) that
[info] will contain Hosting assets to be uploaded with firebase deploy. If you
[info] have a build process for your assets, use your build's output directory.
[info] 
